<?xml version="1.0" encoding="UTF-8"?>
<!-- Generated by org.testng.reporters.JUnitReportReporter -->
<testsuite skipped="0" hostname="IBM289-PC07QFA2" name="com.training.regression.tests.LoginDBTest" tests="2" failures="0" timestamp="22 Mar 2019 10:12:26 GMT" time="52.910" errors="0">
  <testcase name="loginDBTest" time="23.936" classname="com.training.regression.tests.LoginDBTest"/>
  <testcase name="loginDBTest" time="28.974" classname="com.training.regression.tests.LoginDBTest"/>
</testsuite> <!-- com.training.regression.tests.LoginDBTest -->
