<?xml version="1.0" encoding="UTF-8"?>
<!-- Generated by org.testng.reporters.JUnitReportReporter -->
<testsuite skipped="0" hostname="IBM289-PC07QFA2" name="com.training.functional.tests.RETC_077" tests="2" failures="0" timestamp="01 Apr 2019 05:15:08 GMT" time="24.495" errors="0">
  <testcase name="Functional_Test_RETC_077" time="9.265" classname="com.training.functional.tests.RETC_077"/>
  <testcase name="Functional_Test_RETC_077" time="15.230" classname="com.training.functional.tests.RETC_077"/>
</testsuite> <!-- com.training.functional.tests.RETC_077 -->
