<?xml version="1.0" encoding="UTF-8"?>
<!-- Generated by org.testng.reporters.JUnitReportReporter -->
<testsuite skipped="0" hostname="IBM289-PC07QFA2" name="com.training.functional.tests.RETC_076" tests="3" failures="0" timestamp="01 Apr 2019 05:15:08 GMT" time="38.994" errors="0">
  <testcase name="Functional_Test_RETC_076" time="11.904" classname="com.training.functional.tests.RETC_076"/>
  <testcase name="Functional_Test_RETC_076" time="16.494" classname="com.training.functional.tests.RETC_076"/>
  <testcase name="Functional_Test_RETC_076" time="10.596" classname="com.training.functional.tests.RETC_076"/>
</testsuite> <!-- com.training.functional.tests.RETC_076 -->
