<?xml version="1.0" encoding="UTF-8"?>
<!-- Generated by org.testng.reporters.JUnitReportReporter -->
<testsuite skipped="0" hostname="IBM289-PC07QFA2" name="com.training.functional.tests.RETC_079" tests="3" failures="0" timestamp="01 Apr 2019 05:15:08 GMT" time="29.499" errors="0">
  <testcase name="Functional_Test_RETC_079" time="8.933" classname="com.training.functional.tests.RETC_079"/>
  <testcase name="Functional_Test_RETC_079" time="8.111" classname="com.training.functional.tests.RETC_079"/>
  <testcase name="Functional_Test_RETC_079" time="12.455" classname="com.training.functional.tests.RETC_079"/>
</testsuite> <!-- com.training.functional.tests.RETC_079 -->
