<?xml version="1.0" encoding="UTF-8"?>
<!-- Generated by org.testng.reporters.JUnitReportReporter -->
<testsuite skipped="0" hostname="IBM289-PC07QFA2" name="com.training.functional.tests.RETC_080" tests="1" failures="0" timestamp="01 Apr 2019 05:15:08 GMT" time="56.597" errors="0">
  <testcase name="Functional_Test_RETC_080" time="56.597" classname="com.training.functional.tests.RETC_080"/>
</testsuite> <!-- com.training.functional.tests.RETC_080 -->
