<?xml version="1.0" encoding="UTF-8"?>
<!-- Generated by org.testng.reporters.JUnitReportReporter -->
<testsuite skipped="0" hostname="IBM289-PC07QFA2" name="com.training.functional.tests.RETC_078" tests="3" failures="0" timestamp="01 Apr 2019 05:15:08 GMT" time="32.239" errors="0">
  <testcase name="Functional_Test_RETC_078" time="8.916" classname="com.training.functional.tests.RETC_078"/>
  <testcase name="Functional_Test_RETC_078" time="15.465" classname="com.training.functional.tests.RETC_078"/>
  <testcase name="Functional_Test_RETC_078" time="7.858" classname="com.training.functional.tests.RETC_078"/>
</testsuite> <!-- com.training.functional.tests.RETC_078 -->
